  Automatic MOC and UIC for target ImageViewer
  Generating ui_ImageViewer.h
  Generating ui_NewImgDialog.h
  Building Custom Rule D:/VS_Projects/ImageViewerIP/CMakeLists.txt
  mocs_compilation.cpp
  ImageViewer.cpp
  ViewerWidget.cpp
  main.cpp
  ImageViewer.vcxproj -> D:\VS_Projects\ImageViewerIP\build\Debug\ImageViewer.exe
  Win deploy qt
  D:\VS_Projects\ImageViewerIP\build\Debug\ImageViewer.exe 64 bit, debug executable
  Adding Qt5Svg for qsvgicond.dll
  Direct dependencies: Qt5Core Qt5Gui Qt5Widgets
  All dependencies   : Qt5Core Qt5Gui Qt5Widgets
  To be deployed     : Qt5Core Qt5Gui Qt5Svg Qt5Widgets
EXEC : warning : Cannot find Visual Studio installation directory, VCINSTALLDIR is not set.
  Updating Qt5Cored.dll.
  Updating Qt5Guid.dll.
  Updating Qt5Svgd.dll.
  Updating Qt5Widgetsd.dll.
  Updating libGLESV2d.dll.
  Updating libEGLd.dll.
  Updating D3Dcompiler_47.dll.
  Updating opengl32sw.dll.
  Patching Qt5Cored.dll...
  Creating directory D:/VS_Projects/ImageViewerIP/build/Debug/iconengines.
  Updating qsvgicond.dll.
  Creating directory D:/VS_Projects/ImageViewerIP/build/Debug/imageformats.
  Updating qgifd.dll.
  Updating qicnsd.dll.
  Updating qicod.dll.
  Updating qjpegd.dll.
  Updating qsvgd.dll.
  Updating qtgad.dll.
  Updating qtiffd.dll.
  Updating qwbmpd.dll.
  Updating qwebpd.dll.
  Creating directory D:/VS_Projects/ImageViewerIP/build/Debug/platforms.
  Updating qwindowsd.dll.
  Creating directory D:/VS_Projects/ImageViewerIP/build/Debug/styles.
  Updating qwindowsvistastyled.dll.
  Creating D:\VS_Projects\ImageViewerIP\build\Debug\translations...
  Creating qt_ar.qm...
  Creating qt_bg.qm...
  Creating qt_ca.qm...
  Creating qt_cs.qm...
  Creating qt_da.qm...
  Creating qt_de.qm...
  Creating qt_en.qm...
  Creating qt_es.qm...
  Creating qt_fi.qm...
  Creating qt_fr.qm...
  Creating qt_gd.qm...
  Creating qt_he.qm...
  Creating qt_hu.qm...
  Creating qt_it.qm...
  Creating qt_ja.qm...
  Creating qt_ko.qm...
  Creating qt_lv.qm...
  Creating qt_pl.qm...
  Creating qt_ru.qm...
  Creating qt_sk.qm...
  Creating qt_uk.qm...
  Creating qt_zh_TW.qm...
