d:\vs_projects\imageviewerip\build\imageviewer.dir\debug\mocs_compilation.obj
d:\vs_projects\imageviewerip\build\imageviewer.dir\debug\imageviewer.obj
d:\vs_projects\imageviewerip\build\imageviewer.dir\debug\main.obj
d:\vs_projects\imageviewerip\build\imageviewer.dir\debug\viewerwidget.obj
d:\vs_projects\imageviewerip\build\imageviewer.dir\debug\imageprocessor.obj
d:\vs_projects\imageviewerip\build\imageviewer.dir\debug\vc142.pdb
d:\vs_projects\imageviewerip\build\imageviewer.dir\debug\mirrorextenddialog.obj
d:\vs_projects\imageviewerip\build\ui_imageviewer.h
d:\vs_projects\imageviewerip\build\ui_newimgdialog.h
d:\vs_projects\imageviewerip\build\cmakefiles\generate.stamp
d:\vs_projects\imageviewerip\build\debug\imageviewer.pdb
d:\vs_projects\imageviewerip\build\imageviewer.dir\debug\imageviewer.tlog\cl.command.1.tlog
d:\vs_projects\imageviewerip\build\imageviewer.dir\debug\imageviewer.tlog\cl.read.1.tlog
d:\vs_projects\imageviewerip\build\imageviewer.dir\debug\imageviewer.tlog\cl.write.1.tlog
d:\vs_projects\imageviewerip\build\imageviewer.dir\debug\imageviewer.tlog\custombuild.command.1.tlog
d:\vs_projects\imageviewerip\build\imageviewer.dir\debug\imageviewer.tlog\custombuild.read.1.tlog
d:\vs_projects\imageviewerip\build\imageviewer.dir\debug\imageviewer.tlog\custombuild.write.1.tlog
d:\vs_projects\imageviewerip\build\imageviewer.dir\debug\imageviewer.tlog\link-cvtres.read.1.tlog
d:\vs_projects\imageviewerip\build\imageviewer.dir\debug\imageviewer.tlog\link-cvtres.write.1.tlog
d:\vs_projects\imageviewerip\build\imageviewer.dir\debug\imageviewer.tlog\link-rc.read.1.tlog
d:\vs_projects\imageviewerip\build\imageviewer.dir\debug\imageviewer.tlog\link-rc.write.1.tlog
d:\vs_projects\imageviewerip\build\imageviewer.dir\debug\imageviewer.tlog\link.command.1.tlog
d:\vs_projects\imageviewerip\build\imageviewer.dir\debug\imageviewer.tlog\link.delete.1.tlog
d:\vs_projects\imageviewerip\build\imageviewer.dir\debug\imageviewer.tlog\link.read.1.tlog
d:\vs_projects\imageviewerip\build\imageviewer.dir\debug\imageviewer.tlog\link.read.2.tlog
d:\vs_projects\imageviewerip\build\imageviewer.dir\debug\imageviewer.tlog\link.write.1.tlog
